<?xml version="1.0" encoding="UTF-8"?>
<!-- Generated by org.testng.reporters.JUnitReportReporter -->
<testsuite hostname="NATARAJAN-PC" failures="0" tests="2" name="AmazonDataScrapping.amazonProduct" time="187.630" errors="0" timestamp="2024-05-27T22:28:55 IST" skipped="0">
  <testcase classname="AmazonDataScrapping.amazonProduct" name="landingURL" time="2.978"/>
  <testcase classname="AmazonDataScrapping.amazonProduct" name="searchProduct" time="184.652"/>
</testsuite> <!-- AmazonDataScrapping.amazonProduct -->
